[2026-03-05 19:49:46] Usuario: Mariana
[2026-03-05 19:50:33] Usuario: Mariana
[2026-03-06 17:21:31] Usuario: Mariana
[2026-03-06 17:22:32] Usuario: Carlos
[2026-03-06 17:25:14] Usuario: Riky
[2026-03-06 17:27:00] Usuario: Ricard
[2026-03-06 17:27:48] Usuario: Miky
[2026-03-06 17:30:35] Usuario: Alejandro
[2026-03-06 17:31:23] Usuario: Coco
[2026-03-06 17:32:57] Usuario: Ana
[2026-03-07 22:44:22] Usuario: Cristina
[2026-03-07 22:46:56] Usuario: Emilio
[2026-03-07 22:49:43] Usuario: Luis
[2026-03-07 22:51:32] Usuario: Anamary
[2026-03-07 22:55:54] Usuario: Zendaya
[2026-03-07 22:57:20] Usuario: Claudia
[2026-03-07 22:57:43] Usuario: Pepe
[2026-03-07 22:59:39] Usuario: Federico
[2026-03-07 23:01:10] Usuario: Patricio
[2026-03-07 23:03:40] Usuario: Mariana
[2026-03-07 23:06:20] Usuario: Mariana
[2026-03-07 23:06:20] Usuario: Anamary
[2026-03-07 23:07:49] Usuario: Luis
[2026-03-07 23:07:49] Usuario: Ana
[2026-03-07 23:09:12] Usuario: Luis
[2026-03-07 23:09:12] Usuario: Luis
[2026-03-07 23:10:39] Usuario: Luis
[2026-03-07 23:13:32] Usuario: Mariana
[2026-03-07 23:13:32] Usuario: Ana
[2026-03-07 23:13:32] Usuario: Mariana
[2026-03-07 23:28:01] Usuario: Zendaya
[2026-03-07 23:28:16] Usuario: Mariana
[2026-03-07 23:34:22] Usuario: Mariana
[2026-03-07 23:35:20] Usuario: Patricio
[2026-03-07 23:35:39] Usuario: Ana
[2026-03-07 23:42:53] Usuario: Mariana
[2026-03-07 23:43:21] Usuario: Zendaya
